{
  "RSpec": {
    "coverage": {
      "/Users/sergioazcona/Desktop/projects/correct_or_crass/Trivia_API/spec/facades/giphy_facade_spec.rb": {
        "lines": [
          1,
          null,
          1,
          1,
          1,
          1,
          1,
          null,
          1,
          1,
          null,
          1,
          1,
          1,
          1,
          1,
          null,
          null,
          null,
          1,
          1,
          1,
          null,
          1,
          1,
          1,
          null,
          1,
          null,
          null,
          1,
          1,
          null,
          1,
          1,
          1,
          null,
          1,
          null,
          null,
          null,
          1,
          1,
          3,
          3,
          null,
          null,
          1,
          1,
          1,
          null,
          1,
          6,
          null,
          null,
          null,
          1,
          1,
          1,
          null,
          null,
          1,
          1,
          6,
          null,
          null,
          null,
          null,
          null
        ]
      },
      "/Users/sergioazcona/Desktop/projects/correct_or_crass/Trivia_API/spec/services/giphy_service_spec.rb": {
        "lines": [
          1,
          null,
          1,
          1,
          1,
          1,
          3,
          null,
          null,
          1,
          null,
          1,
          1,
          null,
          1,
          1,
          null,
          1,
          1,
          null,
          1,
          1,
          null,
          null,
          1,
          1,
          null,
          null,
          1,
          null,
          1,
          1,
          null,
          null,
          1,
          1,
          null,
          1,
          20,
          20,
          20,
          20,
          null,
          20,
          null,
          null,
          null,
          null,
          null
        ]
      },
      "/Users/sergioazcona/Desktop/projects/correct_or_crass/Trivia_API/spec/services/random_phrase_service_spec.rb": {
        "lines": [
          1,
          null,
          1,
          1,
          1,
          1,
          1,
          null,
          null,
          1,
          1,
          1,
          null,
          1,
          1,
          null,
          1,
          1,
          null,
          1,
          1,
          null,
          1,
          1,
          1,
          null,
          null,
          null,
          1,
          1,
          1,
          null,
          null,
          1,
          1,
          1,
          null,
          1,
          1,
          null,
          1,
          1,
          null,
          1,
          1,
          null,
          1,
          1,
          1,
          null,
          null,
          null,
          null
        ]
      },
      "/Users/sergioazcona/Desktop/projects/correct_or_crass/Trivia_API/spec/services/words_service_spec.rb": {
        "lines": [
          1,
          null,
          1,
          1,
          1,
          2,
          2,
          null,
          null,
          1,
          1,
          1,
          null,
          1,
          1,
          1,
          null,
          1,
          null,
          1,
          1,
          1,
          null,
          1,
          1,
          1,
          null,
          null,
          1,
          1,
          1,
          1,
          1,
          1,
          null,
          null,
          null
        ]
      },
      "/Users/sergioazcona/Desktop/projects/correct_or_crass/Trivia_API/app/facades/endgame_facade.rb": {
        "lines": [
          1,
          null,
          null,
          null,
          null,
          null,
          null,
          null,
          null,
          null,
          null,
          1,
          4,
          2,
          null,
          2,
          null,
          null,
          null,
          1,
          7,
          null,
          null
        ]
      },
      "/Users/sergioazcona/Desktop/projects/correct_or_crass/Trivia_API/app/facades/giphy_facade.rb": {
        "lines": [
          1,
          1,
          3,
          3,
          null,
          3,
          3,
          3,
          null,
          3,
          60,
          60,
          60,
          null,
          null,
          3,
          1,
          2,
          2,
          0,
          0,
          null,
          null,
          null,
          1,
          60,
          60,
          null,
          null,
          null,
          null,
          null,
          null,
          1,
          6,
          null,
          6,
          53,
          47,
          null,
          53,
          null,
          6,
          null,
          null
        ]
      },
      "/Users/sergioazcona/Desktop/projects/correct_or_crass/Trivia_API/app/services/giphy_service.rb": {
        "lines": [
          1,
          null,
          1,
          1,
          6,
          null,
          6,
          6,
          6,
          6,
          null,
          6,
          null,
          null
        ]
      },
      "/Users/sergioazcona/Desktop/projects/correct_or_crass/Trivia_API/lib/modules/serviceable.rb": {
        "lines": [
          1,
          1,
          12,
          null,
          null,
          1,
          6,
          null,
          null,
          1,
          6,
          6,
          null,
          null,
          null
        ]
      },
      "/Users/sergioazcona/Desktop/projects/correct_or_crass/Trivia_API/app/services/random_phrase_service.rb": {
        "lines": [
          1,
          null,
          1,
          1,
          2,
          2,
          null,
          null
        ]
      },
      "/Users/sergioazcona/Desktop/projects/correct_or_crass/Trivia_API/app/services/word_service.rb": {
        "lines": [
          1,
          null,
          1,
          1,
          2,
          2,
          null,
          null,
          1,
          2,
          2,
          null,
          null
        ]
      }
    },
    "timestamp": 1685496225
  }
}
